<?xml version="1.0" encoding="UTF-8"?>
<!-- Generated by org.testng.reporters.JUnitReportReporter -->
<testsuite skipped="0" hostname="ip-172-31-91-231" name="Tests.SignupTest" tests="2" failures="0" timestamp="28 Dec 2021 17:58:25 GMT" time="3.493" errors="0">
  <testcase name="NegativeSignup" time="1.828" classname="Tests.SignupTest"/>
  <testcase name="signupTest" time="1.665" classname="Tests.SignupTest"/>
</testsuite> <!-- Tests.SignupTest -->
