<?xml version="1.0" encoding="UTF-8"?>
<!-- Generated by org.testng.reporters.JUnitReportReporter -->
<testsuite skipped="0" hostname="ip-172-31-91-231" name="Tests.LoginTest" tests="2" failures="0" timestamp="28 Dec 2021 17:58:25 GMT" time="2.572" errors="0">
  <testcase name="NegativeLogin" time="1.237" classname="Tests.LoginTest"/>
  <testcase name="positiveLogin" time="1.335" classname="Tests.LoginTest"/>
</testsuite> <!-- Tests.LoginTest -->
