<?xml version="1.0" encoding="UTF-8"?>
<!-- Generated by org.testng.reporters.JUnitReportReporter -->
<testsuite skipped="0" hostname="ip-172-31-91-231" name="Tests.SignupTest" tests="2" failures="0" timestamp="29 Dec 2021 12:33:19 GMT" time="3.552" errors="0">
  <testcase name="NegativeSignup" time="1.811" classname="Tests.SignupTest"/>
  <testcase name="PositivesignupTest" time="1.741" classname="Tests.SignupTest"/>
</testsuite> <!-- Tests.SignupTest -->
